<?xml version="1.0" encoding="UTF-8"?>
<con:soapui-project activeEnvironment="Default" name="test.task.2" resourceRoot="" soapui-version="4.6.0" xmlns:con="http://eviware.com/soapui/config"><con:settings/><con:properties/><con:wssContainer/></con:soapui-project>